--- [26-07-2023 10:24] --- ( RequestCertificateToUanataca ) --- 

+ Inicio proceso solicitud certificado digital. Comunidad Id: 143
Inicio comunicación con Uanataca para crear una solicitud de certificado+ Resultado solicitud Uanataca:
{"http_code":201,"message":{"pk":54540,"given_name":"TEST","surname_1":"Rodr\u00edguez","surname_2":null,"sex":null,"id_document_type":"TIN","id_document_country":"ES","serial_number":"08943954J","country_name":"ES","citizenship":null,"residence":"ES","organization_email":"info@fincatech.es","email":"ororodeveloper@gmail.com","title":"Representante legal","organization_name":"Bego\u00f1a","organizational_unit_1":null,"organizational_unit_2":null,"organization_identifier":"H92246263","responsible_name":"TEST","responsible_first_surname":"Rodr\u00edguez","responsible_second_surname":null,"responsible_email":null,"responsible_serial":"08943954J","responsible_position":null,"subscriber_responsible_serial":null,"administrative_unit":null,"empowerment":"Total","representation":"CIF\/NIF Representante legal,CIF Comunidad,Copia de la primera hoja del libro de actas,Acta nombramiento,Declaraci\u00f3n responsable,Copia del acta (Modelo acuerdo junta general),Acta acuerdo cesi\u00f3n","circumstances":null,"limit":null,"registration":null,"process_application":null,"entity_owner":null,"entity_owner_serial_number":null,"description":"Certificado comunidad de propietarios","certificate_set":[],"profile":"REPESPJsoft","scratchcard":"1053607","status":"CREATED","registering_user":{"pk":79,"permission_profile":983,"registration_authority":59,"request":10599},"approving_user":null,"producing_user":null,"registration_authority":59,"secure_element":0,"validity_time":"1825","smartcard_sn":null,"citizen_tax_number":null,"birth_date":null,"birth_country":null,"birth_city":null,"birth_province":null,"birth_state":null,"birth_district":null,"birth_canton":null,"id_document_description":null,"id_document_issuer":null,"id_document_release":null,"id_document_expiry":null,"organization_rol":null,"professional_id_number":null,"mobile_phone_number":"684086020","fix_phone_number":null,"residence_address":null,"residence_city":null,"residence_province":null,"residence_postal_code":null,"residence_state":null,"residence_district":null,"residence_canton":null,"organization_tax_number":null,"organization_address":null,"organization_city":null,"organization_province":null,"organization_country":"ES","organization_postal_code":null,"organization_state":null,"organization_url":null,"responsible_legal_level":null,"subscriber":null,"responsible_legal_documents":null,"special_conditions":null,"responsible_registry_data":null,"approving_rao":null,"producing_rao":null,"id_document_number":null,"id_responsible_document_type":null,"id_responsible_document_country":null,"id_responsible_document_number":null,"organizational_unit_3":null,"paperless_mode":true,"videoid_mode":false,"ext_recognition_data":null,"complement_number":null,"id_responsible_document_issuer":null,"provider_registration_number":null,"communication_language":"","identification_rao":null,"videoid_data":null,"enrollment_success_url":null,"configuration_data":[],"external_profile":null,"responsible_citizenship":null,"responsible_city":null}}
- PK Solicitud devuelta: 54540
+ Documento adjuntado a la solicitud con PK: 54540
[OK] Fichero: /Users/oscar/Proyectos/fincatech/public/storage/private/c4ddcc924f1d47524918d915b8dfe49b.png - Requerimiento: DNI Frontal
+ Documento adjuntado a la solicitud con PK: 54540
[OK] Fichero: /Users/oscar/Proyectos/fincatech/public/storage/private/c4ddcc924f1d47524918d915b8dfe49b.png - Requerimiento: DNI Anverso
+ Documento adjuntado a la solicitud con PK: 54540
[OK] Fichero: /Users/oscar/Proyectos/fincatech/public/storage/1c0d979033e7aaaa070fe8c0b8a0fd69.pdf - Requerimiento: CIF de la comunidad
+ Documento adjuntado a la solicitud con PK: 54540
[OK] Fichero: /Users/oscar/Proyectos/fincatech/public/storage/06b6eca285609cbbcb3ab96a1b693507.pdf - Requerimiento: Copia de la primera hoja del libro de actas
+ Documento adjuntado a la solicitud con PK: 54540
[OK] Fichero: /Users/oscar/Proyectos/fincatech/public/storage/3b73106e8c7c4f9449d389660b81ad1c.pdf - Requerimiento: Copia del acta donde se es elegido administrador
+ Documento adjuntado a la solicitud con PK: 54540
[OK] Fichero: /Users/oscar/Proyectos/fincatech/public/storage/2c07583b0821a4eb39d6b3325e6d6b75.pdf - Requerimiento: Declaración responsable y solicitud del certificado digital
+ Documento adjuntado a la solicitud con PK: 54540
[OK] Fichero: /Users/oscar/Proyectos/fincatech/public/storage/5aaf46582fc79bd30795287e83a3fe17.pdf - Requerimiento: Copia del acta (Modelo acuerdo junta general)
+ Documento adjuntado a la solicitud con PK: 54540
[OK] Fichero: /Users/oscar/Proyectos/fincatech/public/storage/b20655069a37502d9e13cd15a70602bb.pdf - Requerimiento: Modelo autorización presidente


--- [26-07-2023 10:28] --- ( RequestCertificateToUanataca ) --- 

+ Inicio proceso solicitud certificado digital. Comunidad Id: 143
Inicio comunicación con Uanataca para crear una solicitud de certificado+ Resultado solicitud Uanataca:
{"http_code":201,"message":{"pk":54541,"given_name":"TEST","surname_1":"Rodr\u00edguez","surname_2":null,"sex":null,"id_document_type":"TIN","id_document_country":"ES","serial_number":"08943954J","country_name":"ES","citizenship":null,"residence":"ES","organization_email":"info@fincatech.es","email":"ororodeveloper@gmail.com","title":"Representante legal","organization_name":"Bego\u00f1a","organizational_unit_1":null,"organizational_unit_2":null,"organization_identifier":"H92246263","responsible_name":"TEST","responsible_first_surname":"Rodr\u00edguez","responsible_second_surname":null,"responsible_email":null,"responsible_serial":"08943954J","responsible_position":null,"subscriber_responsible_serial":null,"administrative_unit":null,"empowerment":"Total","representation":"CIF\/NIF Representante legal,CIF Comunidad,Copia de la primera hoja del libro de actas,Acta nombramiento,Declaraci\u00f3n responsable,Copia del acta (Modelo acuerdo junta general),Acta acuerdo cesi\u00f3n","circumstances":null,"limit":null,"registration":null,"process_application":null,"entity_owner":null,"entity_owner_serial_number":null,"description":"Certificado comunidad de propietarios","certificate_set":[],"profile":"REPESPJsoft","scratchcard":"1053610","status":"CREATED","registering_user":{"pk":79,"permission_profile":983,"registration_authority":59,"request":10599},"approving_user":null,"producing_user":null,"registration_authority":59,"secure_element":0,"validity_time":"1825","smartcard_sn":null,"citizen_tax_number":null,"birth_date":null,"birth_country":null,"birth_city":null,"birth_province":null,"birth_state":null,"birth_district":null,"birth_canton":null,"id_document_description":null,"id_document_issuer":null,"id_document_release":null,"id_document_expiry":null,"organization_rol":null,"professional_id_number":null,"mobile_phone_number":"684086020","fix_phone_number":null,"residence_address":null,"residence_city":null,"residence_province":null,"residence_postal_code":null,"residence_state":null,"residence_district":null,"residence_canton":null,"organization_tax_number":null,"organization_address":null,"organization_city":null,"organization_province":null,"organization_country":"ES","organization_postal_code":null,"organization_state":null,"organization_url":null,"responsible_legal_level":null,"subscriber":null,"responsible_legal_documents":null,"special_conditions":null,"responsible_registry_data":null,"approving_rao":null,"producing_rao":null,"id_document_number":null,"id_responsible_document_type":null,"id_responsible_document_country":null,"id_responsible_document_number":null,"organizational_unit_3":null,"paperless_mode":true,"videoid_mode":false,"ext_recognition_data":null,"complement_number":null,"id_responsible_document_issuer":null,"provider_registration_number":null,"communication_language":"","identification_rao":null,"videoid_data":null,"enrollment_success_url":null,"configuration_data":[],"external_profile":null,"responsible_citizenship":null,"responsible_city":null}}
- PK Solicitud devuelta: 54541
+ Documento adjuntado a la solicitud con PK: 54541
[OK] Fichero: /Users/oscar/Proyectos/fincatech/public/storage/private/c4ddcc924f1d47524918d915b8dfe49b.png - Requerimiento: DNI Frontal
+ Documento adjuntado a la solicitud con PK: 54541
[OK] Fichero: /Users/oscar/Proyectos/fincatech/public/storage/private/c4ddcc924f1d47524918d915b8dfe49b.png - Requerimiento: DNI Anverso
+ Documento adjuntado a la solicitud con PK: 54541
[OK] Fichero: /Users/oscar/Proyectos/fincatech/public/storage/1c0d979033e7aaaa070fe8c0b8a0fd69.pdf - Requerimiento: CIF de la comunidad
+ Documento adjuntado a la solicitud con PK: 54541
[OK] Fichero: /Users/oscar/Proyectos/fincatech/public/storage/06b6eca285609cbbcb3ab96a1b693507.pdf - Requerimiento: Copia de la primera hoja del libro de actas
+ Documento adjuntado a la solicitud con PK: 54541
[OK] Fichero: /Users/oscar/Proyectos/fincatech/public/storage/3b73106e8c7c4f9449d389660b81ad1c.pdf - Requerimiento: Copia del acta donde se es elegido administrador
+ Documento adjuntado a la solicitud con PK: 54541
[OK] Fichero: /Users/oscar/Proyectos/fincatech/public/storage/2c07583b0821a4eb39d6b3325e6d6b75.pdf - Requerimiento: Declaración responsable y solicitud del certificado digital
+ Documento adjuntado a la solicitud con PK: 54541
[OK] Fichero: /Users/oscar/Proyectos/fincatech/public/storage/5aaf46582fc79bd30795287e83a3fe17.pdf - Requerimiento: Copia del acta (Modelo acuerdo junta general)
+ Documento adjuntado a la solicitud con PK: 54541
[OK] Fichero: /Users/oscar/Proyectos/fincatech/public/storage/b20655069a37502d9e13cd15a70602bb.pdf - Requerimiento: Modelo autorización presidente


--- [26-07-2023 10:30] --- ( RequestCertificateToUanataca ) --- 

+ Inicio proceso solicitud certificado digital. Comunidad Id: 143
Inicio comunicación con Uanataca para crear una solicitud de certificado+ Resultado solicitud Uanataca:
{"http_code":201,"message":{"pk":54544,"given_name":"TEST","surname_1":"Rodr\u00edguez","surname_2":null,"sex":null,"id_document_type":"TIN","id_document_country":"ES","serial_number":"08943954J","country_name":"ES","citizenship":null,"residence":"ES","organization_email":"info@fincatech.es","email":"ororodeveloper@gmail.com","title":"Representante legal","organization_name":"Bego\u00f1a","organizational_unit_1":null,"organizational_unit_2":null,"organization_identifier":"H92246263","responsible_name":"TEST","responsible_first_surname":"Rodr\u00edguez","responsible_second_surname":null,"responsible_email":null,"responsible_serial":"08943954J","responsible_position":null,"subscriber_responsible_serial":null,"administrative_unit":null,"empowerment":"Total","representation":"CIF\/NIF Representante legal,CIF Comunidad,Copia de la primera hoja del libro de actas,Acta nombramiento,Declaraci\u00f3n responsable,Copia del acta (Modelo acuerdo junta general),Acta acuerdo cesi\u00f3n","circumstances":null,"limit":null,"registration":null,"process_application":null,"entity_owner":null,"entity_owner_serial_number":null,"description":"Certificado comunidad de propietarios","certificate_set":[],"profile":"REPESPJsoft","scratchcard":"1053598","status":"CREATED","registering_user":{"pk":79,"permission_profile":983,"registration_authority":59,"request":10599},"approving_user":null,"producing_user":null,"registration_authority":59,"secure_element":0,"validity_time":"1825","smartcard_sn":null,"citizen_tax_number":null,"birth_date":null,"birth_country":null,"birth_city":null,"birth_province":null,"birth_state":null,"birth_district":null,"birth_canton":null,"id_document_description":null,"id_document_issuer":null,"id_document_release":null,"id_document_expiry":null,"organization_rol":null,"professional_id_number":null,"mobile_phone_number":"684086020","fix_phone_number":null,"residence_address":null,"residence_city":null,"residence_province":null,"residence_postal_code":null,"residence_state":null,"residence_district":null,"residence_canton":null,"organization_tax_number":null,"organization_address":null,"organization_city":null,"organization_province":null,"organization_country":"ES","organization_postal_code":null,"organization_state":null,"organization_url":null,"responsible_legal_level":null,"subscriber":null,"responsible_legal_documents":null,"special_conditions":null,"responsible_registry_data":null,"approving_rao":null,"producing_rao":null,"id_document_number":null,"id_responsible_document_type":null,"id_responsible_document_country":null,"id_responsible_document_number":null,"organizational_unit_3":null,"paperless_mode":true,"videoid_mode":false,"ext_recognition_data":null,"complement_number":null,"id_responsible_document_issuer":null,"provider_registration_number":null,"communication_language":"","identification_rao":null,"videoid_data":null,"enrollment_success_url":null,"configuration_data":[],"external_profile":null,"responsible_citizenship":null,"responsible_city":null}}
- PK Solicitud devuelta: 54544
+ Documento adjuntado a la solicitud con PK: 54544
[OK] Fichero: /Users/oscar/Proyectos/fincatech/public/storage/private/c4ddcc924f1d47524918d915b8dfe49b.png - Requerimiento: DNI Frontal
+ Documento adjuntado a la solicitud con PK: 54544
[OK] Fichero: /Users/oscar/Proyectos/fincatech/public/storage/private/c4ddcc924f1d47524918d915b8dfe49b.png - Requerimiento: DNI Anverso
+ Documento adjuntado a la solicitud con PK: 54544
[OK] Fichero: /Users/oscar/Proyectos/fincatech/public/storage/1c0d979033e7aaaa070fe8c0b8a0fd69.pdf - Requerimiento: CIF de la comunidad
+ Documento adjuntado a la solicitud con PK: 54544
[OK] Fichero: /Users/oscar/Proyectos/fincatech/public/storage/06b6eca285609cbbcb3ab96a1b693507.pdf - Requerimiento: Copia de la primera hoja del libro de actas
+ Documento adjuntado a la solicitud con PK: 54544
[OK] Fichero: /Users/oscar/Proyectos/fincatech/public/storage/3b73106e8c7c4f9449d389660b81ad1c.pdf - Requerimiento: Copia del acta donde se es elegido administrador
+ Documento adjuntado a la solicitud con PK: 54544
[OK] Fichero: /Users/oscar/Proyectos/fincatech/public/storage/2c07583b0821a4eb39d6b3325e6d6b75.pdf - Requerimiento: Declaración responsable y solicitud del certificado digital
+ Documento adjuntado a la solicitud con PK: 54544
[OK] Fichero: /Users/oscar/Proyectos/fincatech/public/storage/5aaf46582fc79bd30795287e83a3fe17.pdf - Requerimiento: Copia del acta (Modelo acuerdo junta general)
+ Documento adjuntado a la solicitud con PK: 54544
[OK] Fichero: /Users/oscar/Proyectos/fincatech/public/storage/b20655069a37502d9e13cd15a70602bb.pdf - Requerimiento: Modelo autorización presidente


--- [26-07-2023 10:33] --- ( RequestCertificateToUanataca ) --- 

+ Inicio proceso solicitud certificado digital. Comunidad Id: 143
Inicio comunicación con Uanataca para crear una solicitud de certificado+ Resultado solicitud Uanataca:
{"http_code":201,"message":{"pk":54545,"given_name":"TEST","surname_1":"Rodr\u00edguez","surname_2":null,"sex":null,"id_document_type":"TIN","id_document_country":"ES","serial_number":"08943954J","country_name":"ES","citizenship":null,"residence":"ES","organization_email":"info@fincatech.es","email":"ororodeveloper@gmail.com","title":"Representante legal","organization_name":"Bego\u00f1a","organizational_unit_1":null,"organizational_unit_2":null,"organization_identifier":"H92246263","responsible_name":"TEST","responsible_first_surname":"Rodr\u00edguez","responsible_second_surname":null,"responsible_email":null,"responsible_serial":"08943954J","responsible_position":null,"subscriber_responsible_serial":null,"administrative_unit":null,"empowerment":"Total","representation":"CIF\/NIF Representante legal,CIF Comunidad,Copia de la primera hoja del libro de actas,Acta nombramiento,Declaraci\u00f3n responsable,Copia del acta (Modelo acuerdo junta general),Acta acuerdo cesi\u00f3n","circumstances":null,"limit":null,"registration":null,"process_application":null,"entity_owner":null,"entity_owner_serial_number":null,"description":"Certificado comunidad de propietarios","certificate_set":[],"profile":"REPESPJsoft","scratchcard":"1053608","status":"CREATED","registering_user":{"pk":79,"permission_profile":983,"registration_authority":59,"request":10599},"approving_user":null,"producing_user":null,"registration_authority":59,"secure_element":0,"validity_time":"1825","smartcard_sn":null,"citizen_tax_number":null,"birth_date":null,"birth_country":null,"birth_city":null,"birth_province":null,"birth_state":null,"birth_district":null,"birth_canton":null,"id_document_description":null,"id_document_issuer":null,"id_document_release":null,"id_document_expiry":null,"organization_rol":null,"professional_id_number":null,"mobile_phone_number":"684086020","fix_phone_number":null,"residence_address":null,"residence_city":null,"residence_province":null,"residence_postal_code":null,"residence_state":null,"residence_district":null,"residence_canton":null,"organization_tax_number":null,"organization_address":null,"organization_city":null,"organization_province":null,"organization_country":"ES","organization_postal_code":null,"organization_state":null,"organization_url":null,"responsible_legal_level":null,"subscriber":null,"responsible_legal_documents":null,"special_conditions":null,"responsible_registry_data":null,"approving_rao":null,"producing_rao":null,"id_document_number":null,"id_responsible_document_type":null,"id_responsible_document_country":null,"id_responsible_document_number":null,"organizational_unit_3":null,"paperless_mode":true,"videoid_mode":false,"ext_recognition_data":null,"complement_number":null,"id_responsible_document_issuer":null,"provider_registration_number":null,"communication_language":"","identification_rao":null,"videoid_data":null,"enrollment_success_url":null,"configuration_data":[],"external_profile":null,"responsible_citizenship":null,"responsible_city":null}}
- PK Solicitud devuelta: 54545
+ Documento adjuntado a la solicitud con PK: 54545
[OK] Fichero: /Users/oscar/Proyectos/fincatech/public/storage/private/c4ddcc924f1d47524918d915b8dfe49b.png - Requerimiento: DNI Frontal
+ Documento adjuntado a la solicitud con PK: 54545
[OK] Fichero: /Users/oscar/Proyectos/fincatech/public/storage/private/c4ddcc924f1d47524918d915b8dfe49b.png - Requerimiento: DNI Anverso
+ Documento adjuntado a la solicitud con PK: 54545
[OK] Fichero: /Users/oscar/Proyectos/fincatech/public/storage/1c0d979033e7aaaa070fe8c0b8a0fd69.pdf - Requerimiento: CIF de la comunidad
+ Documento adjuntado a la solicitud con PK: 54545
[OK] Fichero: /Users/oscar/Proyectos/fincatech/public/storage/06b6eca285609cbbcb3ab96a1b693507.pdf - Requerimiento: Copia de la primera hoja del libro de actas
+ Documento adjuntado a la solicitud con PK: 54545
[OK] Fichero: /Users/oscar/Proyectos/fincatech/public/storage/3b73106e8c7c4f9449d389660b81ad1c.pdf - Requerimiento: Copia del acta donde se es elegido administrador
+ Documento adjuntado a la solicitud con PK: 54545
[OK] Fichero: /Users/oscar/Proyectos/fincatech/public/storage/2c07583b0821a4eb39d6b3325e6d6b75.pdf - Requerimiento: Declaración responsable y solicitud del certificado digital
+ Documento adjuntado a la solicitud con PK: 54545
[OK] Fichero: /Users/oscar/Proyectos/fincatech/public/storage/5aaf46582fc79bd30795287e83a3fe17.pdf - Requerimiento: Copia del acta (Modelo acuerdo junta general)
+ Documento adjuntado a la solicitud con PK: 54545
[OK] Fichero: /Users/oscar/Proyectos/fincatech/public/storage/b20655069a37502d9e13cd15a70602bb.pdf - Requerimiento: Modelo autorización presidente


--- [26-07-2023 01:08] --- ( RequestCertificateToUanataca ) --- 

+ Inicio proceso solicitud certificado digital. Comunidad Id: 143
Inicio comunicación con Uanataca para crear una solicitud de certificado+ Resultado solicitud Uanataca:
{"http_code":201,"message":{"pk":54547,"given_name":"TEST","surname_1":"Rodr\u00edguez","surname_2":null,"sex":null,"id_document_type":"TIN","id_document_country":"ES","serial_number":"08943954J","country_name":"ES","citizenship":null,"residence":"ES","organization_email":"info@fincatech.es","email":"ororodeveloper@gmail.com","title":"Representante legal","organization_name":"Bego\u00f1a","organizational_unit_1":null,"organizational_unit_2":null,"organization_identifier":"H92246263","responsible_name":"TEST","responsible_first_surname":"Rodr\u00edguez","responsible_second_surname":null,"responsible_email":null,"responsible_serial":"08943954J","responsible_position":null,"subscriber_responsible_serial":null,"administrative_unit":null,"empowerment":"Total","representation":"CIF\/NIF Representante legal,CIF Comunidad,Copia de la primera hoja del libro de actas,Acta nombramiento,Declaraci\u00f3n responsable,Copia del acta (Modelo acuerdo junta general)","circumstances":null,"limit":null,"registration":null,"process_application":null,"entity_owner":null,"entity_owner_serial_number":null,"description":"Certificado comunidad de propietarios","certificate_set":[],"profile":"REPESPJsoft","scratchcard":"1053620","status":"CREATED","registering_user":{"pk":79,"permission_profile":983,"registration_authority":59,"request":10599},"approving_user":null,"producing_user":null,"registration_authority":59,"secure_element":0,"validity_time":"1825","smartcard_sn":null,"citizen_tax_number":null,"birth_date":null,"birth_country":null,"birth_city":null,"birth_province":null,"birth_state":null,"birth_district":null,"birth_canton":null,"id_document_description":null,"id_document_issuer":null,"id_document_release":null,"id_document_expiry":null,"organization_rol":null,"professional_id_number":null,"mobile_phone_number":"684086020","fix_phone_number":null,"residence_address":null,"residence_city":null,"residence_province":null,"residence_postal_code":null,"residence_state":null,"residence_district":null,"residence_canton":null,"organization_tax_number":null,"organization_address":null,"organization_city":null,"organization_province":null,"organization_country":"ES","organization_postal_code":null,"organization_state":null,"organization_url":null,"responsible_legal_level":null,"subscriber":null,"responsible_legal_documents":null,"special_conditions":null,"responsible_registry_data":null,"approving_rao":null,"producing_rao":null,"id_document_number":null,"id_responsible_document_type":null,"id_responsible_document_country":null,"id_responsible_document_number":null,"organizational_unit_3":null,"paperless_mode":true,"videoid_mode":false,"ext_recognition_data":null,"complement_number":null,"id_responsible_document_issuer":null,"provider_registration_number":null,"communication_language":"","identification_rao":null,"videoid_data":null,"enrollment_success_url":null,"configuration_data":[],"external_profile":null,"responsible_citizenship":null,"responsible_city":null}}
- PK Solicitud devuelta: 54547
+ Documento adjuntado a la solicitud con PK: 54547
[OK] Fichero: /Users/oscar/Proyectos/fincatech/public/storage/private/c4ddcc924f1d47524918d915b8dfe49b.png - Requerimiento: DNI Frontal
+ Documento adjuntado a la solicitud con PK: 54547
[OK] Fichero: /Users/oscar/Proyectos/fincatech/public/storage/private/c4ddcc924f1d47524918d915b8dfe49b.png - Requerimiento: DNI Anverso
+ Documento adjuntado a la solicitud con PK: 54547
[OK] Fichero: /Users/oscar/Proyectos/fincatech/public/storage//c030f6323186cf76ab14ddcfbd1f079f.pdf - Requerimiento: CIF de la comunidad
+ Documento adjuntado a la solicitud con PK: 54547
[OK] Fichero: /Users/oscar/Proyectos/fincatech/public/storage//ad43fb3327fcfda5fc062869fbc607bd.pdf - Requerimiento: Copia de la primera hoja del libro de actas
+ Documento adjuntado a la solicitud con PK: 54547
[OK] Fichero: /Users/oscar/Proyectos/fincatech/public/storage//d0f281fbefe5cdb355c6812e28bba57a.pdf - Requerimiento: Copia del acta donde se es elegido administrador
+ Documento adjuntado a la solicitud con PK: 54547
[OK] Fichero: /Users/oscar/Proyectos/fincatech/public/storage//a01927eaf363f67679754dcb9ed602e1.pdf - Requerimiento: Declaración responsable y solicitud del certificado digital
+ Documento adjuntado a la solicitud con PK: 54547
[OK] Fichero: /Users/oscar/Proyectos/fincatech/public/storage//f6161c3a1f3df2d8f55909e06b629bfb.pdf - Requerimiento: Copia del acta (Modelo acuerdo junta general)


--- [26-07-2023 01:19] --- ( RequestCertificateToUanataca ) --- 

+ Inicio proceso solicitud certificado digital. Comunidad Id: 144
Inicio comunicación con Uanataca para crear una solicitud de certificado+ Resultado solicitud Uanataca:
{"http_code":201,"message":{"pk":54548,"given_name":"TEST","surname_1":"Rodr\u00edguez","surname_2":null,"sex":null,"id_document_type":"TIN","id_document_country":"ES","serial_number":"08943954J","country_name":"ES","citizenship":null,"residence":"ES","organization_email":"info@fincatech.es","email":"ororodeveloper@gmail.com","title":"Representante legal","organization_name":"Torrealba","organizational_unit_1":null,"organizational_unit_2":null,"organization_identifier":"H92793751","responsible_name":"TEST","responsible_first_surname":"Rodr\u00edguez","responsible_second_surname":null,"responsible_email":null,"responsible_serial":"08943954J","responsible_position":null,"subscriber_responsible_serial":null,"administrative_unit":null,"empowerment":"Total","representation":"CIF\/NIF Representante legal,CIF Comunidad,Copia de la primera hoja del libro de actas,Acta nombramiento,Declaraci\u00f3n responsable,Copia del acta (Modelo acuerdo junta general)","circumstances":null,"limit":null,"registration":null,"process_application":null,"entity_owner":null,"entity_owner_serial_number":null,"description":"Certificado comunidad de propietarios","certificate_set":[],"profile":"REPESPJsoft","scratchcard":"1053582","status":"CREATED","registering_user":{"pk":79,"permission_profile":983,"registration_authority":59,"request":10599},"approving_user":null,"producing_user":null,"registration_authority":59,"secure_element":0,"validity_time":"1825","smartcard_sn":null,"citizen_tax_number":null,"birth_date":null,"birth_country":null,"birth_city":null,"birth_province":null,"birth_state":null,"birth_district":null,"birth_canton":null,"id_document_description":null,"id_document_issuer":null,"id_document_release":null,"id_document_expiry":null,"organization_rol":null,"professional_id_number":null,"mobile_phone_number":"684086020","fix_phone_number":null,"residence_address":null,"residence_city":null,"residence_province":null,"residence_postal_code":null,"residence_state":null,"residence_district":null,"residence_canton":null,"organization_tax_number":null,"organization_address":null,"organization_city":null,"organization_province":null,"organization_country":"ES","organization_postal_code":null,"organization_state":null,"organization_url":null,"responsible_legal_level":null,"subscriber":null,"responsible_legal_documents":null,"special_conditions":null,"responsible_registry_data":null,"approving_rao":null,"producing_rao":null,"id_document_number":null,"id_responsible_document_type":null,"id_responsible_document_country":null,"id_responsible_document_number":null,"organizational_unit_3":null,"paperless_mode":true,"videoid_mode":false,"ext_recognition_data":null,"complement_number":null,"id_responsible_document_issuer":null,"provider_registration_number":null,"communication_language":"","identification_rao":null,"videoid_data":null,"enrollment_success_url":null,"configuration_data":[],"external_profile":null,"responsible_citizenship":null,"responsible_city":null}}
- PK Solicitud devuelta: 54548
+ Documento adjuntado a la solicitud con PK: 54548
[OK] Fichero: /Users/oscar/Proyectos/fincatech/public/storage/private/c4ddcc924f1d47524918d915b8dfe49b.png - Requerimiento: DNI Frontal
+ Documento adjuntado a la solicitud con PK: 54548
[OK] Fichero: /Users/oscar/Proyectos/fincatech/public/storage/private/c4ddcc924f1d47524918d915b8dfe49b.png - Requerimiento: DNI Anverso
+ Documento adjuntado a la solicitud con PK: 54548
[OK] Fichero: /Users/oscar/Proyectos/fincatech/public/storage//d996f5d31a962b2f6d918ee6c9070f84.pdf - Requerimiento: CIF de la comunidad
+ Documento adjuntado a la solicitud con PK: 54548
[OK] Fichero: /Users/oscar/Proyectos/fincatech/public/storage//8b64812a1c6f47a922f5e3de56bc1351.pdf - Requerimiento: Copia de la primera hoja del libro de actas
+ Documento adjuntado a la solicitud con PK: 54548
[OK] Fichero: /Users/oscar/Proyectos/fincatech/public/storage//5cf1808c69d656dc0c9bc50d5259a6e1.pdf - Requerimiento: Copia del acta donde se es elegido administrador
+ Documento adjuntado a la solicitud con PK: 54548
[OK] Fichero: /Users/oscar/Proyectos/fincatech/public/storage//021ef492b41aca1ffcb6c08db6e1f93a.pdf - Requerimiento: Declaración responsable y solicitud del certificado digital
+ Documento adjuntado a la solicitud con PK: 54548
[OK] Fichero: /Users/oscar/Proyectos/fincatech/public/storage//fe0d2a5d2646a5ded10de50a27b7302a.pdf - Requerimiento: Copia del acta (Modelo acuerdo junta general)


--- [26-07-2023 01:24] --- ( RequestCertificateToUanataca ) --- 

+ Inicio proceso solicitud certificado digital. Comunidad Id: 146
Inicio comunicación con Uanataca para crear una solicitud de certificado+ Resultado solicitud Uanataca:
{"http_code":201,"message":{"pk":54550,"given_name":"TEST","surname_1":"Rodr\u00edguez","surname_2":null,"sex":null,"id_document_type":"TIN","id_document_country":"ES","serial_number":"08943954J","country_name":"ES","citizenship":null,"residence":"ES","organization_email":"info@fincatech.es","email":"ororodeveloper@gmail.com","title":"Representante legal","organization_name":"Los Girasoles","organizational_unit_1":null,"organizational_unit_2":null,"organization_identifier":"H92330364","responsible_name":"TEST","responsible_first_surname":"Rodr\u00edguez","responsible_second_surname":null,"responsible_email":null,"responsible_serial":"08943954J","responsible_position":null,"subscriber_responsible_serial":null,"administrative_unit":null,"empowerment":"Total","representation":"CIF\/NIF Representante legal,CIF Comunidad,Copia de la primera hoja del libro de actas,Acta nombramiento,Declaraci\u00f3n responsable,Copia del acta (Modelo acuerdo junta general)","circumstances":null,"limit":null,"registration":null,"process_application":null,"entity_owner":null,"entity_owner_serial_number":null,"description":"Certificado comunidad de propietarios","certificate_set":[],"profile":"REPESPJsoft","scratchcard":"1053613","status":"CREATED","registering_user":{"pk":79,"permission_profile":983,"registration_authority":59,"request":10599},"approving_user":null,"producing_user":null,"registration_authority":59,"secure_element":0,"validity_time":"1825","smartcard_sn":null,"citizen_tax_number":null,"birth_date":null,"birth_country":null,"birth_city":null,"birth_province":null,"birth_state":null,"birth_district":null,"birth_canton":null,"id_document_description":null,"id_document_issuer":null,"id_document_release":null,"id_document_expiry":null,"organization_rol":null,"professional_id_number":null,"mobile_phone_number":"684086020","fix_phone_number":null,"residence_address":null,"residence_city":null,"residence_province":null,"residence_postal_code":null,"residence_state":null,"residence_district":null,"residence_canton":null,"organization_tax_number":null,"organization_address":null,"organization_city":null,"organization_province":null,"organization_country":"ES","organization_postal_code":null,"organization_state":null,"organization_url":null,"responsible_legal_level":null,"subscriber":null,"responsible_legal_documents":null,"special_conditions":null,"responsible_registry_data":null,"approving_rao":null,"producing_rao":null,"id_document_number":null,"id_responsible_document_type":null,"id_responsible_document_country":null,"id_responsible_document_number":null,"organizational_unit_3":null,"paperless_mode":true,"videoid_mode":false,"ext_recognition_data":null,"complement_number":null,"id_responsible_document_issuer":null,"provider_registration_number":null,"communication_language":"","identification_rao":null,"videoid_data":null,"enrollment_success_url":null,"configuration_data":[],"external_profile":null,"responsible_citizenship":null,"responsible_city":null}}
- PK Solicitud devuelta: 54550
+ Documento adjuntado a la solicitud con PK: 54550
[OK] Fichero: /Users/oscar/Proyectos/fincatech/public/storage/private/c4ddcc924f1d47524918d915b8dfe49b.png - Requerimiento: DNI Frontal
+ Documento adjuntado a la solicitud con PK: 54550
[OK] Fichero: /Users/oscar/Proyectos/fincatech/public/storage/private/c4ddcc924f1d47524918d915b8dfe49b.png - Requerimiento: DNI Anverso
+ Documento adjuntado a la solicitud con PK: 54550
[OK] Fichero: /Users/oscar/Proyectos/fincatech/public/storage//1a49d0b8269988860feb7774b8318af5.pdf - Requerimiento: CIF de la comunidad
+ Documento adjuntado a la solicitud con PK: 54550
[OK] Fichero: /Users/oscar/Proyectos/fincatech/public/storage//7d9fdfbcb2c459e5f61bd9b2b4d58b7e.pdf - Requerimiento: Copia de la primera hoja del libro de actas
+ Documento adjuntado a la solicitud con PK: 54550
[OK] Fichero: /Users/oscar/Proyectos/fincatech/public/storage//e5ea788a6c8473b0e79311b267edb7c3.pdf - Requerimiento: Copia del acta donde se es elegido administrador
+ Documento adjuntado a la solicitud con PK: 54550
[OK] Fichero: /Users/oscar/Proyectos/fincatech/public/storage//e0ff29432d240197c994694f5cc5c55c.pdf - Requerimiento: Declaración responsable y solicitud del certificado digital
+ Documento adjuntado a la solicitud con PK: 54550
[OK] Fichero: /Users/oscar/Proyectos/fincatech/public/storage//1aff7a8e5ef232711f43ebff48e6620b.pdf - Requerimiento: Copia del acta (Modelo acuerdo junta general)


--- [02-08-2023 10:45] --- ( RequestCertificateToUanataca ) --- 

+ Inicio proceso solicitud certificado digital. Comunidad Id: 147
Inicio comunicación con Uanataca para crear una solicitud de certificado+ Resultado solicitud Uanataca:
{"http_code":201,"message":{"pk":55566,"given_name":"TEST","surname_1":"Sanchez","surname_2":null,"sex":null,"id_document_type":"TIN","id_document_country":"ES","serial_number":"08943955Z","country_name":"ES","citizenship":null,"residence":"ES","organization_email":"info@fincatech.es","email":"ororodeveloper+1@gmail.com","title":"Representante legal","organization_name":"Alrey","organizational_unit_1":null,"organizational_unit_2":null,"organization_identifier":"H29733987","responsible_name":"TEST","responsible_first_surname":"Sanchez","responsible_second_surname":null,"responsible_email":null,"responsible_serial":"08943955Z","responsible_position":null,"subscriber_responsible_serial":null,"administrative_unit":null,"empowerment":"Total","representation":"CIF\/NIF Representante legal,CIF Comunidad,Copia de la primera hoja del libro de actas,Acta nombramiento,Declaraci\u00f3n responsable,Copia del acta (Modelo acuerdo junta general)","circumstances":null,"limit":null,"registration":null,"process_application":null,"entity_owner":null,"entity_owner_serial_number":null,"description":"Certificado comunidad de propietarios","certificate_set":[],"profile":"REPESPJsoft","scratchcard":"1053604","status":"CREATED","registering_user":{"pk":79,"permission_profile":983,"registration_authority":59,"request":10599},"approving_user":null,"producing_user":null,"registration_authority":59,"secure_element":0,"validity_time":"1825","smartcard_sn":null,"citizen_tax_number":null,"birth_date":null,"birth_country":null,"birth_city":null,"birth_province":null,"birth_state":null,"birth_district":null,"birth_canton":null,"id_document_description":null,"id_document_issuer":null,"id_document_release":null,"id_document_expiry":null,"organization_rol":null,"professional_id_number":null,"mobile_phone_number":"684086020","fix_phone_number":null,"residence_address":null,"residence_city":null,"residence_province":null,"residence_postal_code":null,"residence_state":null,"residence_district":null,"residence_canton":null,"organization_tax_number":null,"organization_address":null,"organization_city":null,"organization_province":null,"organization_country":"ES","organization_postal_code":null,"organization_state":null,"organization_url":null,"responsible_legal_level":null,"subscriber":null,"responsible_legal_documents":null,"special_conditions":null,"responsible_registry_data":null,"approving_rao":null,"producing_rao":null,"id_document_number":null,"id_responsible_document_type":null,"id_responsible_document_country":null,"id_responsible_document_number":null,"organizational_unit_3":null,"paperless_mode":true,"videoid_mode":false,"ext_recognition_data":null,"complement_number":null,"id_responsible_document_issuer":null,"provider_registration_number":null,"communication_language":"","identification_rao":null,"videoid_data":null,"enrollment_success_url":null,"configuration_data":[],"external_profile":null,"responsible_citizenship":null,"responsible_city":null}}
- PK Solicitud devuelta: 55566
+ Documento adjuntado a la solicitud con PK: 55566
[OK] Fichero: /Users/oscar/Proyectos/fincatech/public/storage/private/c4ddcc924f1d47524918d915b8dfe49b.png - Requerimiento: DNI Frontal
+ Documento adjuntado a la solicitud con PK: 55566
[OK] Fichero: /Users/oscar/Proyectos/fincatech/public/storage/private/c4ddcc924f1d47524918d915b8dfe49b.png - Requerimiento: DNI Anverso
+ Documento adjuntado a la solicitud con PK: 55566
[OK] Fichero: /Users/oscar/Proyectos/fincatech/public/storage//21e2a0bb2b049a885e23265a66494c9e.pdf - Requerimiento: CIF de la comunidad
+ Documento adjuntado a la solicitud con PK: 55566
[OK] Fichero: /Users/oscar/Proyectos/fincatech/public/storage//35b936936174b23f2ee7eb7b900fb833.pdf - Requerimiento: Copia de la primera hoja del libro de actas
+ Documento adjuntado a la solicitud con PK: 55566
[OK] Fichero: /Users/oscar/Proyectos/fincatech/public/storage//bcf0c177346c5eb7e0051c719fbaab16.pdf - Requerimiento: Copia del acta donde se es elegido administrador
+ Documento adjuntado a la solicitud con PK: 55566
[OK] Fichero: /Users/oscar/Proyectos/fincatech/public/storage//b9133ab90e1e6b7960a2572261e9e492.pdf - Requerimiento: Declaración responsable y solicitud del certificado digital
+ Documento adjuntado a la solicitud con PK: 55566
[OK] Fichero: /Users/oscar/Proyectos/fincatech/public/storage//de1dddc3656555bc96ccc06d81d1cfea.pdf - Requerimiento: Copia del acta (Modelo acuerdo junta general)


