--- [29-12-2022 11:50] --- ( SendSMSCertificated ) --- 



--- [29-12-2022 11:52] --- ( SendSMSCertificated ) --- 

Correo=info@fincatech.es&Passwd=1758264&Remitente=Fincatech&Destinatarios=34684086020&Mensaje=oscar hola&Contacto=Fincatech&TelContacto=&CIFContacto=B93594992&Resp=JSON

--- [29-12-2022 11:53] --- ( SendSMSCertificated ) --- 

Correo=info@fincatech.es&Passwd=1758264&Remitente=Fincatech&Destinatarios=34684086020&Mensaje=oscar hola&Contacto=Fincatech&TelContacto=952792038&CIFContacto=B93594992&Resp=JSON

--- [29-12-2022 11:55] --- ( SendSMSCertificated ) --- 

Correo=info@fincatech.es&Passwd=1758264&Remitente=Fincatech&Destinatarios=34659041131&Mensaje=¿Que qué tal voy? Pues probando los sms en producción y a seguir con uanataca. Avísame si te llega bien, por fa. Un abrazo!!!&Contacto=Fincatech&TelContacto=952792038&CIFContacto=B93594992&Resp=JSON

--- [29-12-2022 11:56] --- ( SendSMSCertificated ) --- 

Correo=info@fincatech.es&Passwd=1758264&Remitente=Fincatech&Destinatarios=34684086020&Mensaje=¿Que qué tal voy? Pues probando los sms en producción y a seguir con uanataca. Avísame si te llega bien, por fa. Un abrazo!!!&Contacto=Fincatech&TelContacto=952792038&CIFContacto=B93594992&Resp=JSON

--- [29-12-2022 11:57] --- ( SendSMSCertificated ) --- 

Correo=info@fincatech.es&Passwd=1758264&Remitente=Fincatech&Destinatarios=34684086020&Mensaje=¿Que qué tal voy? Pues probando los sms en producción y a seguir con uanataca. Avísame si te llega bien, por fa. Un abrazo!!!&Contacto=Fincatech&TelContacto=952792038&CIFContacto=B93594992&Resp=JSON

--- [29-12-2022 11:57] --- ( SendSMSCertificated ) --- 



--- [29-12-2022 12:13] --- ( SendSMSCertificated ) --- 

Correo=info@fincatech.es&Passwd=1758264&Remitente=Fincatech&Destinatarios=34684086020&Mensaje=¿Que qué tal voy? Pues probando los sms en producción y a seguir con uanataca. Avísame si te llega bien, por fa. Un abrazo!!!&Contacto=Fincatech&TelContacto=952792038&CIFContacto=B93594992&Resp=JSON

--- [29-12-2022 12:13] --- ( SendSMSCertificated ) --- 



--- [03-01-2023 02:45] --- ( SendSMSContractCertified ) --- 

Correo=info@fincatech.es&Passwd=1758264&Remitente=Fincatech&Destinatarios=684086020&Mensaje=Firma esto (FILE:2:app.fincatech.es//public/storage/0cd2d71e09c634495b25778b64cfeb28.pdf)&Contacto=Fincatech&TelContacto=952792038&CIFContacto=B93594992&Report=1&Referencia=0cd2d71e09c634495b25778b64cfeb28.pdf&TipoContrato=18&Links=1&Resp=JSON

--- [03-01-2023 02:46] --- ( SendSMSContractCertified ) --- 

Correo=info@fincatech.es&Passwd=1758264&Remitente=Fincatech&Destinatarios=684086020&Mensaje=Firma esto (FILE:2:app.fincatech.es//public/storage/9869d22becad92a2509d083e2dd66f34.pdf)&Contacto=Fincatech&TelContacto=952792038&CIFContacto=B93594992&Report=1&Referencia=9869d22becad92a2509d083e2dd66f34.pdf&TipoContrato=18&Links=1&Resp=JSON

--- [03-01-2023 02:46] --- ( SendSMSContractCertified - JSON Recibido ) --- 

{"Res":"-16","Msgid":"0","Cred":"0","File":"2:app.fincatech.es\/\/public\/storage\/9869d22becad92a2509d083e2dd66f34.pdf"}

--- [08-03-2023 12:47] --- ( SendSMSCertificated ) --- 

Correo=info@fincatech.es&Passwd=1758264&Remitente=Fincatech&Destinatarios=34684086020&Mensaje=prueba sms&Contacto=Fincatech&TelContacto=952792038&CIFContacto=B93594992&Resp=JSON

--- [08-03-2023 12:47] --- ( SendSMSCertificated ) --- 

Correo=info@fincatech.es&Passwd=1758264&Remitente=Fincatech&Destinatarios=34684086020&Mensaje=prueba sms&Contacto=Fincatech&TelContacto=952792038&CIFContacto=B93594992&Resp=JSON

--- [08-03-2023 12:54] --- ( SendSMSCertificated ) --- 

Correo=info@fincatech.es&Passwd=1758264&Remitente=Fincatech&Destinatarios=34684086020&Mensaje=probando 2&Contacto=Fincatech&TelContacto=952792038&CIFContacto=B93594992&Resp=JSON

--- [10-03-2023 06:52] --- ( SendSMSCertificated ) --- 

Correo=info@fincatech.es&Passwd=1758264&Remitente=Fincatech&Destinatarios=34659041131&Mensaje=PRUEBA DE SMS CERTIFICADO&Contacto=Fincatech&TelContacto=952792038&CIFContacto=B93594992&Resp=JSON

--- [17-04-2023 06:51] --- ( SendSMSCertificated ) --- 

Correo=info@fincatech.es&Passwd=1758264&Remitente=Fincatech&Destinatarios=34659041131&Mensaje=prueba sms certfificado&Contacto=Fincatech&TelContacto=952792038&CIFContacto=B93594992&Resp=JSON

--- [07-07-2023 07:06] --- ( SendSMSCertificated ) --- 

Correo=info@fincatech.es&Passwd=1758264&Remitente=Fincatech&Destinatarios=34659041131&Mensaje=esto es una prueba&Contacto=Fincatech&TelContacto=952792038&CIFContacto=B93594992&Resp=JSON

--- [29-09-2023 11:09] --- ( SendSMSCertificated ) --- 

Correo=info@fincatech.es&Passwd=1758264&Remitente=Fincatech&Destinatarios=34659041131&Mensaje=PRUEBA DE SMS CERTIFICADO&Contacto=Fincatech&TelContacto=952792038&CIFContacto=B93594992&Resp=JSON

--- [03-10-2023 06:16] --- ( SendSMSCertificated ) --- 

Correo=info@fincatech.es&Passwd=1758264&Remitente=Fincatech&Destinatarios=34644257575&Mensaje=Buenas. esto es para que sepas que tenemos una reunión y no puedas negarlo&Contacto=Fincatech&TelContacto=952792038&CIFContacto=B93594992&Resp=JSON

--- [10-10-2023 10:43] --- ( SendSMSCertificated ) --- 

Correo=info@fincatech.es&Passwd=1758264&Remitente=Fincatech&Destinatarios=34600605888&Mensaje=esto es un recordatorio para que me envíes el logo de tu empresa&Contacto=Fincatech&TelContacto=952792038&CIFContacto=B93594992&Resp=JSON

--- [05-12-2023 12:15] --- ( SendSMSCertificated ) --- 

Correo=info@fincatech.es&Passwd=1758264&Remitente=Fincatech&Destinatarios=34684086020&Mensaje=Probando certificación desde producción&Unicode=1&Report=1&Contacto=Fincatech&TelContacto=952792038&CIFContacto=B93594992&Resp=JSON

--- [05-12-2023 12:22] --- ( SendSMSCertificated ) --- 

Correo=info@fincatech.es&Passwd=1758264&Remitente=Fincatech&Destinatarios=34684086020&Mensaje=sms desde producción con acuse de recibo&Unicode=1&Report=1&Contacto=Fincatech&TelContacto=952792038&CIFContacto=B93594992&Resp=JSON

--- [05-12-2023 12:31] --- ( SendSMSCertificated ) --- 

Correo=info@fincatech.es&Passwd=1758264&Remitente=Fincatech&Destinatarios=34684086020&Mensaje=otra prueba más, no está devolviendo el reporte&Unicode=1&Report=1&Contacto=Fincatech&TelContacto=952792038&CIFContacto=B93594992&Resp=JSON

--- [05-12-2023 12:35] --- ( SendSMSCertificated ) --- 

Correo=info@fincatech.es&Passwd=1758264&Remitente=Fincatech&Destinatarios=34684086020&Mensaje=ultima prueba&Unicode=1&Report=1&Contacto=Fincatech&TelContacto=952792038&CIFContacto=B93594992&Resp=JSON

--- [05-12-2023 12:42] --- ( SendSMSCertificated ) --- 

Correo=info@fincatech.es&Passwd=1758264&Remitente=Fincatech&Destinatarios=34684086020&Mensaje=asdñfl jasñdlkf &Unicode=1&Report=1&Contacto=Fincatech&TelContacto=952792038&CIFContacto=B93594992&Resp=JSON

--- [05-12-2023 12:49] --- ( SendSMSCertificated ) --- 

Correo=info@fincatech.es&Passwd=1758264&Remitente=Fincatech&Destinatarios=34684086020&Mensaje=probando ultima vez&Unicode=1&Report=1&Contacto=Fincatech&TelContacto=952792038&CIFContacto=B93594992&Resp=JSON

--- [05-12-2023 01:22] --- ( SendSMSCertificated ) --- 

Correo=info@fincatech.es&Passwd=1758264&Remitente=Fincatech&Destinatarios=34684086020&Mensaje=otra vez, a ver&Unicode=1&Report=1&Contacto=Fincatech&TelContacto=952792038&CIFContacto=B93594992&Resp=JSON

--- [05-12-2023 01:36] --- ( SendSMSCertificated ) --- 

Correo=info@fincatech.es&Passwd=1758264&Remitente=Fincatech&Destinatarios=34684086020&Mensaje=envío nuevo&Unicode=1&Report=1&Contacto=Fincatech&TelContacto=952792038&CIFContacto=B93594992&Resp=JSON

--- [05-12-2023 01:39] --- ( SendSMSCertificated ) --- 

Correo=info@fincatech.es&Passwd=1758264&Remitente=Fincatech&Destinatarios=34684086020&Mensaje=asdf&Unicode=1&Report=1&Contacto=Fincatech&TelContacto=952792038&CIFContacto=B93594992&Resp=JSON

--- [05-12-2023 01:48] --- ( SendSMSCertificated ) --- 

Array

--- [05-12-2023 01:49] --- ( SendSMSCertificated ) --- 

Array

--- [05-12-2023 01:50] --- ( SendSMSCertificated ) --- 

{"Remitente":"Fincatech","Destinatarios=":"{\"Movil\":\"34684086020\",\"Variable_1\":\"Fincatech\"}","Mensaje":"prueba1","Unicode":1,"Report":1,"Contacto":"Fincatech","TelContacto":"952792038","Cifcontacto":"B93594992","Resp":"JSON"}

--- [05-12-2023 01:54] --- ( SendSMSCertificated ) --- 

{"Remitente":"Fincatech","Destinatarios=":"[{\"Movil\":\"34684086020\",\"Variable_1\":\"Fincatech\"}]","Mensaje":"prueba3","Unicode":1,"Report":1,"Contacto":"Fincatech","TelContacto":"952792038","Cifcontacto":"B93594992","Resp":"JSON"}

--- [05-12-2023 01:58] --- ( SendSMSCertificated ) --- 

{"Remitente":"Fincatech","Destinatarios":"[{\"Movil\":\"34684086020\",\"Variable_1\":\"Fincatech\"}]","Mensaje":"Test1","Unicode":1,"Report":1,"Contacto":"Fincatech","TelContacto":"952792038","Cifcontacto":"B93594992","Resp":"JSON"}

--- [05-12-2023 02:30] --- ( SendSMSCertificated ) --- 

{"Remitente":"Fincatech","Destinatarios":"[{\"Movil\":\"34684086020\",\"Variable_1\":\"Fincatech\"}]","Mensaje":"test2","Unicode":1,"Report":1,"Contacto":"Fincatech","TelContacto":"952792038","Cifcontacto":"B93594992","Resp":"JSON"}

--- [05-12-2023 02:34] --- ( SendSMSCertificated ) --- 

{"Remitente":"Fincatech","Destinatarios":"[{\"Movil\":\"34684086020\",\"Variable_1\":\"Fincatech\"}]","Mensaje":"test3","Unicode":1,"Report":1,"Contacto":"Fincatech","TelContacto":"952792038","Cifcontacto":"B93594992","Resp":"JSON"}

--- [07-12-2023 08:15] --- ( SendSMSCertificated ) --- 

{"Remitente":"Fincatech","Destinatarios":"[{\"Movil\":\"34659041131\",\"Variable_1\":\"Fincatech\"}]","Mensaje":"prueba de sms certificado","Unicode":1,"Report":1,"Contacto":"Fincatech","TelContacto":"952792038","Cifcontacto":"B93594992","Resp":"JSON"}

--- [06-03-2024 01:34] --- ( SendSMSCertificated ) --- 

{"Remitente":"Fincatech","Destinatarios":"[{\"Movil\":\"34629844804\",\"Variable_1\":\"Fincatech\"}]","Mensaje":"Rufino te comunico que nos tenemos que comer un cochinillo en tu zona","Unicode":1,"Report":1,"Contacto":"Fincatech","TelContacto":"952792038","Cifcontacto":"B93594992","Resp":"JSON"}

--- [10-04-2024 02:05] --- ( SendSMSCertificated ) --- 

{"Remitente":"Fincatech","Destinatarios":"[{\"Movil\":\"34644951864\",\"Variable_1\":\"Fincatech\"}]","Mensaje":"PREVIO A INICIAR RECLAMACION JUDICIAL le requiero el pago de la cantidad pendiente de honorarios de la letrada Adela Ferrer del divorcio n\u00ba 95\/23 de Moncada 2. ","Unicode":1,"Report":1,"Contacto":"Fincatech","TelContacto":"952792038","Cifcontacto":"B93594992","Resp":"JSON"}

--- [10-05-2024 09:18] --- ( SendSMSCertificated ) --- 

{"Remitente":"Fincatech","Destinatarios":"[{\"Movil\":\"34670969632\",\"Variable_1\":\"Fincatech\"}]","Mensaje":"LE CITO PARA EL PROXIMO MARTES 14 DE MAYO A LAS 9H A FIN DE QUE PUEDA RETIRAR LO QUE DESEE DEL LOCAL C\/GORGOS, 18. CUALQUIER ACLARACION: ADELA FERRER 670969632","Unicode":1,"Report":1,"Contacto":"Fincatech","TelContacto":"952792038","Cifcontacto":"B93594992","Resp":"JSON"}

